<?xml version="1.0" encoding="UTF-8"?>
<!-- Generated by org.testng.reporters.JUnitReportReporter -->
<testsuite hostname="OJAS-DD189" name="com.cleartrip.TestRunner.TestRunner" tests="1" failures="0" timestamp="5 Nov 2019 11:55:25 GMT" time="59.662" errors="0">
  <testcase name="features" time="59.662" classname="com.cleartrip.TestRunner.TestRunner"/>
</testsuite> <!-- com.cleartrip.TestRunner.TestRunner -->
